# JRE version: Java(TM) SE Runtime Environment (17.0.6+9) (build 17.0.6+9-LTS-190)
# Java VM: Java HotSpot(TM) 64-Bit Server VM (17.0.6+9-LTS-190, mixed mode, sharing, tiered, compressed oops, compressed class ptrs, g1 gc, windows-amd64)
GC Precious Log:
 CPUs: 4 total, 4 available
 Memory: 4043M
 Large Page Support: Disabled
 NUMA Support: Disabled
 Compressed Oops: Enabled (32-bit)
 Heap Region Size: 1M
 Heap Min Capacity: 8M
 Heap Initial Capacity: 64M
 Heap Max Capacity: 1012M
 Pre-touch: Disabled
 Parallel Workers: 4
 Concurrent Workers: 1
 Concurrent Refinement Workers: 4
 Periodic GC: Disabled
Heap:
 garbage-first heap   total 48128K, used 33699K [0x00000000c0c00000, 0x0000000100000000)
  region size 1024K, 22 young (22528K), 3 survivors (3072K)
 Metaspace       used 29048K, committed 29376K, reserved 1081344K
  class space    used 3791K, committed 3968K, reserved 1048576K
GC Heap History (13 events):
Event: 0.812 GC heap before
{Heap before GC invocations=0 (full 0):
 garbage-first heap   total 65536K, used 13312K [0x00000000c0c00000, 0x0000000100000000)
  region size 1024K, 13 young (13312K), 0 survivors (0K)
 Metaspace       used 3337K, committed 3520K, reserved 1056768K
  class space    used 347K, committed 448K, reserved 1048576K
}
Event: 0.819 GC heap after
{Heap after GC invocations=1 (full 0):
 garbage-first heap   total 65536K, used 6370K [0x00000000c0c00000, 0x0000000100000000)
  region size 1024K, 2 young (2048K), 2 survivors (2048K)
 Metaspace       used 3337K, committed 3520K, reserved 1056768K
  class space    used 347K, committed 448K, reserved 1048576K
}
Event: 1.273 GC heap before
{Heap before GC invocations=1 (full 0):
 garbage-first heap   total 65536K, used 15586K [0x00000000c0c00000, 0x0000000100000000)
  region size 1024K, 11 young (11264K), 2 survivors (2048K)
 Metaspace       used 5583K, committed 5824K, reserved 1056768K
  class space    used 637K, committed 768K, reserved 1048576K
}
Event: 1.277 GC heap after
{Heap after GC invocations=2 (full 0):
 garbage-first heap   total 65536K, used 7281K [0x00000000c0c00000, 0x0000000100000000)
  region size 1024K, 1 young (1024K), 1 survivors (1024K)
 Metaspace       used 5583K, committed 5824K, reserved 1056768K
  class space    used 637K, committed 768K, reserved 1048576K
}
Event: 2.152 GC heap before
{Heap before GC invocations=2 (full 0):
 garbage-first heap   total 65536K, used 26737K [0x00000000c0c00000, 0x0000000100000000)
  region size 1024K, 21 young (21504K), 1 survivors (1024K)
 Metaspace       used 10536K, committed 10816K, reserved 1064960K
  class space    used 1340K, committed 1472K, reserved 1048576K
}
Event: 2.156 GC heap after
{Heap after GC invocations=3 (full 0):
 garbage-first heap   total 65536K, used 8607K [0x00000000c0c00000, 0x0000000100000000)
  region size 1024K, 2 young (2048K), 2 survivors (2048K)
 Metaspace       used 10536K, committed 10816K, reserved 1064960K
  class space    used 1340K, committed 1472K, reserved 1048576K
}
Event: 3.331 GC heap before
{Heap before GC invocations=3 (full 0):
 garbage-first heap   total 65536K, used 40351K [0x00000000c0c00000, 0x0000000100000000)
  region size 1024K, 34 young (34816K), 2 survivors (2048K)
 Metaspace       used 17758K, committed 17920K, reserved 1073152K
  class space    used 2237K, committed 2304K, reserved 1048576K
}
Event: 3.338 GC heap after
{Heap after GC invocations=4 (full 0):
 garbage-first heap   total 65536K, used 10524K [0x00000000c0c00000, 0x0000000100000000)
  region size 1024K, 4 young (4096K), 4 survivors (4096K)
 Metaspace       used 17758K, committed 17920K, reserved 1073152K
  class space    used 2237K, committed 2304K, reserved 1048576K
}
Event: 4.782 GC heap before
{Heap before GC invocations=4 (full 0):
 garbage-first heap   total 65536K, used 40220K [0x00000000c0c00000, 0x0000000100000000)
  region size 1024K, 35 young (35840K), 4 survivors (4096K)
 Metaspace       used 21323K, committed 21504K, reserved 1073152K
  class space    used 2724K, committed 2816K, reserved 1048576K
}
Event: 4.791 GC heap after
{Heap after GC invocations=5 (full 0):
 garbage-first heap   total 65536K, used 12305K [0x00000000c0c00000, 0x0000000100000000)
  region size 1024K, 4 young (4096K), 4 survivors (4096K)
 Metaspace       used 21323K, committed 21504K, reserved 1073152K
  class space    used 2724K, committed 2816K, reserved 1048576K
}
Event: 6.414 GC heap before
{Heap before GC invocations=6 (full 0):
 garbage-first heap   total 48128K, used 36881K [0x00000000c0c00000, 0x0000000100000000)
  region size 1024K, 28 young (28672K), 4 survivors (4096K)
 Metaspace       used 25519K, committed 25728K, reserved 1073152K
  class space    used 3341K, committed 3456K, reserved 1048576K
}
Event: 6.423 GC heap after
{Heap after GC invocations=7 (full 0):
 garbage-first heap   total 48128K, used 14243K [0x00000000c0c00000, 0x0000000100000000)
  region size 1024K, 4 young (4096K), 4 survivors (4096K)
 Metaspace       used 25519K, committed 25728K, reserved 1073152K
  class space    used 3341K, committed 3456K, reserved 1048576K
}
Event: 7.654 GC heap before
{Heap before GC invocations=7 (full 0):
 garbage-first heap   total 48128K, used 32675K [0x00000000c0c00000, 0x0000000100000000)
  region size 1024K, 23 young (23552K), 4 survivors (4096K)
 Metaspace       used 29048K, committed 29376K, reserved 1081344K
  class space    used 3791K, committed 3968K, reserved 1048576K
}

